731   16:41:30.407027 execve("./build/prime_checker", ["./build/prime_checker"], 0x7ffc526079a8 /* 30 vars */) = 0
731   16:41:30.407789 brk(NULL)         = 0x569653993000
731   16:41:30.408343 mmap(NULL, 8192, PROT_READ|PROT_WRITE, MAP_PRIVATE|MAP_ANONYMOUS, -1, 0) = 0x79e6f72a9000
731   16:41:30.408754 access("/etc/ld.so.preload", R_OK) = -1 ENOENT (No such file or directory)
731   16:41:30.409244 openat(AT_FDCWD</workspaces/lab1>, "/etc/ld.so.cache", O_RDONLY|O_CLOEXEC) = 3</etc/ld.so.cache>
731   16:41:30.409759 fstat(3</etc/ld.so.cache>, {st_mode=S_IFREG|0644, st_size=9783, ...}) = 0
731   16:41:30.410061 mmap(NULL, 9783, PROT_READ, MAP_PRIVATE, 3</etc/ld.so.cache>, 0) = 0x79e6f72a6000
731   16:41:30.410236 close(3</etc/ld.so.cache>) = 0
731   16:41:30.410502 openat(AT_FDCWD</workspaces/lab1>, "/lib/x86_64-linux-gnu/libc.so.6", O_RDONLY|O_CLOEXEC) = 3</usr/lib/x86_64-linux-gnu/libc.so.6>
731   16:41:30.410903 read(3</usr/lib/x86_64-linux-gnu/libc.so.6>, "\177ELF\2\1\1\3\0\0\0\0\0\0\0\0\3\0>\0\1\0\0\0\220\243\2\0\0\0\0\0@\0\0\0\0\0\0\0\20^ \0\0\0\0\0\0\0\0\0@\08\0\16\0@\0@\0?\0\6\0\0\0\4\0\0\0@\0\0\0\0\0\0\0@\0\0\0\0\0\0\0@\0\0\0\0\0\0\0\20\3\0\0\0\0\0\0\20\3\0\0\0\0\0\0\10\0\0\0\0\0\0\0\3\0\0\0\4\0\0\0\240g\35\0\0\0\0\0\240g\35\0\0\0\0\0\240g\35\0\0\0\0\0\34\0\0\0\0\0\0\0\34\0\0\0\0\0\0\0\20\0\0\0\0\0\0\0\1\0\0\0\4\0\0\0\0\0\0\0\0\0\0\0\0\0\0\0\0\0\0\0"..., 832) = 832
731   16:41:30.412609 pread64(3</usr/lib/x86_64-linux-gnu/libc.so.6>, "\6\0\0\0\4\0\0\0@\0\0\0\0\0\0\0@\0\0\0\0\0\0\0@\0\0\0\0\0\0\0\20\3\0\0\0\0\0\0\20\3\0\0\0\0\0\0\10\0\0\0\0\0\0\0\3\0\0\0\4\0\0\0\240g\35\0\0\0\0\0\240g\35\0\0\0\0\0\240g\35\0\0\0\0\0\34\0\0\0\0\0\0\0\34\0\0\0\0\0\0\0\20\0\0\0\0\0\0\0\1\0\0\0\4\0\0\0\0\0\0\0\0\0\0\0\0\0\0\0\0\0\0\0\0\0\0\0\0\0\0\0\220s\2\0\0\0\0\0\220s\2\0\0\0\0\0\0\20\0\0\0\0\0\0\1\0\0\0\5\0\0\0\0\200\2\0\0\0\0\0\0\200\2\0\0\0\0\0\0\200\2\0\0\0\0\0"..., 784, 64) = 784
731   16:41:30.412836 fstat(3</usr/lib/x86_64-linux-gnu/libc.so.6>, {st_mode=S_IFREG|0755, st_size=2125328, ...}) = 0
731   16:41:30.413058 pread64(3</usr/lib/x86_64-linux-gnu/libc.so.6>, "\6\0\0\0\4\0\0\0@\0\0\0\0\0\0\0@\0\0\0\0\0\0\0@\0\0\0\0\0\0\0\20\3\0\0\0\0\0\0\20\3\0\0\0\0\0\0\10\0\0\0\0\0\0\0\3\0\0\0\4\0\0\0\240g\35\0\0\0\0\0\240g\35\0\0\0\0\0\240g\35\0\0\0\0\0\34\0\0\0\0\0\0\0\34\0\0\0\0\0\0\0\20\0\0\0\0\0\0\0\1\0\0\0\4\0\0\0\0\0\0\0\0\0\0\0\0\0\0\0\0\0\0\0\0\0\0\0\0\0\0\0\220s\2\0\0\0\0\0\220s\2\0\0\0\0\0\0\20\0\0\0\0\0\0\1\0\0\0\5\0\0\0\0\200\2\0\0\0\0\0\0\200\2\0\0\0\0\0\0\200\2\0\0\0\0\0"..., 784, 64) = 784
731   16:41:30.413365 mmap(NULL, 2170256, PROT_READ, MAP_PRIVATE|MAP_DENYWRITE, 3</usr/lib/x86_64-linux-gnu/libc.so.6>, 0) = 0x79e6f7094000
731   16:41:30.413612 mmap(0x79e6f70bc000, 1605632, PROT_READ|PROT_EXEC, MAP_PRIVATE|MAP_FIXED|MAP_DENYWRITE, 3</usr/lib/x86_64-linux-gnu/libc.so.6>, 0x28000) = 0x79e6f70bc000
731   16:41:30.413937 mmap(0x79e6f7244000, 323584, PROT_READ, MAP_PRIVATE|MAP_FIXED|MAP_DENYWRITE, 3</usr/lib/x86_64-linux-gnu/libc.so.6>, 0x1b0000) = 0x79e6f7244000
731   16:41:30.414129 mmap(0x79e6f7293000, 24576, PROT_READ|PROT_WRITE, MAP_PRIVATE|MAP_FIXED|MAP_DENYWRITE, 3</usr/lib/x86_64-linux-gnu/libc.so.6>, 0x1fe000) = 0x79e6f7293000
731   16:41:30.414309 mmap(0x79e6f7299000, 52624, PROT_READ|PROT_WRITE, MAP_PRIVATE|MAP_FIXED|MAP_ANONYMOUS, -1, 0) = 0x79e6f7299000
731   16:41:30.414499 close(3</usr/lib/x86_64-linux-gnu/libc.so.6>) = 0
731   16:41:30.414742 mmap(NULL, 12288, PROT_READ|PROT_WRITE, MAP_PRIVATE|MAP_ANONYMOUS, -1, 0) = 0x79e6f7091000
731   16:41:30.414905 arch_prctl(ARCH_SET_FS, 0x79e6f7091740) = 0
731   16:41:30.415106 set_tid_address(0x79e6f7091a10) = 731
731   16:41:30.415300 set_robust_list(0x79e6f7091a20, 24) = 0
731   16:41:30.415548 rseq(0x79e6f7092060, 0x20, 0, 0x53053053) = 0
731   16:41:30.415770 mprotect(0x79e6f7293000, 16384, PROT_READ) = 0
731   16:41:30.416003 mprotect(0x56964443e000, 4096, PROT_READ) = 0
731   16:41:30.416224 mprotect(0x79e6f72e1000, 8192, PROT_READ) = 0
731   16:41:30.416454 prlimit64(0, RLIMIT_STACK, NULL, {rlim_cur=8192*1024, rlim_max=RLIM64_INFINITY}) = 0
731   16:41:30.416703 munmap(0x79e6f72a6000, 9783) = 0
731   16:41:30.416886 write(1</dev/pts/0>, "Enter input filename:\n", 22) = 22
731   16:41:30.417084 read(0<pipe:[490900]>, "numbers.txt\n", 256) = 12
731   16:41:30.417240 pipe2([3<pipe:[490256]>, 4<pipe:[490256]>], 0) = 0
731   16:41:30.417541 pipe2([5<pipe:[490257]>, 6<pipe:[490257]>], 0) = 0
731   16:41:30.417695 clone(child_stack=NULL, flags=CLONE_CHILD_CLEARTID|CLONE_CHILD_SETTID|SIGCHLD, child_tidptr=0x79e6f7091a10) = 732
732   16:41:30.418253 set_robust_list(0x79e6f7091a20, 24 <unfinished ...>
731   16:41:30.418290 close(3<pipe:[490256]> <unfinished ...>
732   16:41:30.418346 <... set_robust_list resumed>) = 0
731   16:41:30.418368 <... close resumed>) = 0
731   16:41:30.418431 close(6<pipe:[490257]> <unfinished ...>
732   16:41:30.418487 close(4<pipe:[490256]> <unfinished ...>
731   16:41:30.418522 <... close resumed>) = 0
732   16:41:30.418537 <... close resumed>) = 0
731   16:41:30.418555 openat(AT_FDCWD</workspaces/lab1>, "numbers.txt", O_RDONLY <unfinished ...>
732   16:41:30.418600 close(5<pipe:[490257]> <unfinished ...>
731   16:41:30.418646 <... openat resumed>) = 3</workspaces/lab1/numbers.txt>
732   16:41:30.418680 <... close resumed>) = 0
731   16:41:30.418700 openat(AT_FDCWD</workspaces/lab1>, "output.txt", O_WRONLY|O_CREAT|O_TRUNC, 0644 <unfinished ...>
732   16:41:30.418728 read(3<pipe:[490256]>,  <unfinished ...>
731   16:41:30.418904 <... openat resumed>) = 6</workspaces/lab1/output.txt>
731   16:41:30.419059 read(3</workspaces/lab1/numbers.txt>, "4\r\n6\r\n8\r\n9\r\naaa\r\n10\r\n12\r\n15\r\n17\r\n19\r\n23\r\n-5\r\n2\r\n3\r\n5\r\n7\r\n", 1024) = 57
731   16:41:30.419279 write(4<pipe:[490256]>, "4\r\n6\r\n8\r\n9\r\naaa\r\n10\r\n12\r\n15\r\n17\r\n19\r\n23\r\n-5\r\n2\r\n3\r\n5\r\n7\r\n", 57) = 57
731   16:41:30.421128 read(3</workspaces/lab1/numbers.txt>,  <unfinished ...>
732   16:41:30.421257 <... read resumed>"4", 1) = 1
731   16:41:30.421490 <... read resumed>"", 1024) = 0
732   16:41:30.421563 read(3<pipe:[490256]>,  <unfinished ...>
731   16:41:30.421618 close(4<pipe:[490256]> <unfinished ...>
732   16:41:30.421765 <... read resumed>"\r", 1) = 1
731   16:41:30.421853 <... close resumed>) = 0
731   16:41:30.422073 close(3</workspaces/lab1/numbers.txt> <unfinished ...>
732   16:41:30.422143 write(6<pipe:[490257]>, "Number ", 7 <unfinished ...>
731   16:41:30.422217 <... close resumed>) = 0
732   16:41:30.422302 <... write resumed>) = 7
731   16:41:30.422451 read(5<pipe:[490257]>, "Number ", 1024) = 7
732   16:41:30.423034 write(6<pipe:[490257]>, "4", 1 <unfinished ...>
731   16:41:30.423138 write(6</workspaces/lab1/output.txt>, "Number ", 7 <unfinished ...>
732   16:41:30.423299 <... write resumed>) = 1
731   16:41:30.424473 <... write resumed>) = 7
732   16:41:30.424542 write(6<pipe:[490257]>, " - composite.\n", 14) = 14
732   16:41:30.425209 read(3<pipe:[490256]>, "\n", 1) = 1
731   16:41:30.425750 read(5<pipe:[490257]>, "4 - composite.\n", 1024) = 15
731   16:41:30.425873 write(6</workspaces/lab1/output.txt>, "4 - composite.\n", 15 <unfinished ...>
732   16:41:30.425961 read(3<pipe:[490256]>,  <unfinished ...>
731   16:41:30.426080 <... write resumed>) = 15
732   16:41:30.426135 <... read resumed>"6", 1) = 1
732   16:41:30.428247 read(3<pipe:[490256]>,  <unfinished ...>
731   16:41:30.428479 read(5<pipe:[490257]>,  <unfinished ...>
732   16:41:30.428561 <... read resumed>"\r", 1) = 1
732   16:41:30.428790 write(6<pipe:[490257]>, "Number ", 7) = 7
731   16:41:30.431811 <... read resumed>"Number ", 1024) = 7
731   16:41:30.432108 write(6</workspaces/lab1/output.txt>, "Number ", 7) = 7
732   16:41:30.432430 write(6<pipe:[490257]>, "6", 1 <unfinished ...>
731   16:41:30.432478 read(5<pipe:[490257]>,  <unfinished ...>
732   16:41:30.432506 <... write resumed>) = 1
731   16:41:30.432526 <... read resumed>"6", 1024) = 1
731   16:41:30.432600 write(6</workspaces/lab1/output.txt>, "6", 1 <unfinished ...>
732   16:41:30.432666 write(6<pipe:[490257]>, " - composite.\n", 14 <unfinished ...>
731   16:41:30.432702 <... write resumed>) = 1
732   16:41:30.432725 <... write resumed>) = 14
731   16:41:30.432771 read(5<pipe:[490257]>,  <unfinished ...>
732   16:41:30.432785 read(3<pipe:[490256]>,  <unfinished ...>
731   16:41:30.432899 <... read resumed>" - composite.\n", 1024) = 14
732   16:41:30.432914 <... read resumed>"\n", 1) = 1
731   16:41:30.432938 write(6</workspaces/lab1/output.txt>, " - composite.\n", 14) = 14
732   16:41:30.432969 read(3<pipe:[490256]>,  <unfinished ...>
731   16:41:30.432992 read(5<pipe:[490257]>,  <unfinished ...>
732   16:41:30.433006 <... read resumed>"8", 1) = 1
732   16:41:30.433055 read(3<pipe:[490256]>, "\r", 1) = 1
732   16:41:30.433248 write(6<pipe:[490257]>, "Number ", 7 <unfinished ...>
731   16:41:30.433342 <... read resumed>"Number ", 1024) = 7
732   16:41:30.433378 <... write resumed>) = 7
731   16:41:30.433389 write(6</workspaces/lab1/output.txt>, "Number ", 7 <unfinished ...>
732   16:41:30.433414 write(6<pipe:[490257]>, "8", 1 <unfinished ...>
731   16:41:30.433439 <... write resumed>) = 7
732   16:41:30.433460 <... write resumed>) = 1
731   16:41:30.433482 read(5<pipe:[490257]>,  <unfinished ...>
732   16:41:30.433513 write(6<pipe:[490257]>, " - composite.\n", 14 <unfinished ...>
731   16:41:30.433537 <... read resumed>"8", 1024) = 1
732   16:41:30.433570 <... write resumed>) = 14
731   16:41:30.433592 write(6</workspaces/lab1/output.txt>, "8", 1 <unfinished ...>
732   16:41:30.433709 read(3<pipe:[490256]>,  <unfinished ...>
731   16:41:30.433740 <... write resumed>) = 1
732   16:41:30.433766 <... read resumed>"\n", 1) = 1
731   16:41:30.433794 read(5<pipe:[490257]>,  <unfinished ...>
732   16:41:30.433823 read(3<pipe:[490256]>,  <unfinished ...>
731   16:41:30.433856 <... read resumed>" - composite.\n", 1024) = 14
732   16:41:30.433884 <... read resumed>"9", 1) = 1
731   16:41:30.433923 write(6</workspaces/lab1/output.txt>, " - composite.\n", 14 <unfinished ...>
732   16:41:30.433951 read(3<pipe:[490256]>,  <unfinished ...>
731   16:41:30.433975 <... write resumed>) = 14
732   16:41:30.433996 <... read resumed>"\r", 1) = 1
731   16:41:30.434017 read(5<pipe:[490257]>,  <unfinished ...>
732   16:41:30.434039 write(6<pipe:[490257]>, "Number ", 7 <unfinished ...>
731   16:41:30.434096 <... read resumed>"Number ", 1024) = 7
732   16:41:30.434129 <... write resumed>) = 7
731   16:41:30.434150 write(6</workspaces/lab1/output.txt>, "Number ", 7) = 7
732   16:41:30.434218 write(6<pipe:[490257]>, "9", 1 <unfinished ...>
731   16:41:30.434292 read(5<pipe:[490257]>, "9", 1024) = 1
732   16:41:30.434450 <... write resumed>) = 1
731   16:41:30.434480 write(6</workspaces/lab1/output.txt>, "9", 1 <unfinished ...>
732   16:41:30.434511 write(6<pipe:[490257]>, " - composite.\n", 14 <unfinished ...>
731   16:41:30.434569 <... write resumed>) = 1
732   16:41:30.434601 <... write resumed>) = 14
731   16:41:30.434654 read(5<pipe:[490257]>,  <unfinished ...>
732   16:41:30.434691 read(3<pipe:[490256]>,  <unfinished ...>
731   16:41:30.434714 <... read resumed>" - composite.\n", 1024) = 14
732   16:41:30.434767 <... read resumed>"\n", 1) = 1
731   16:41:30.434789 write(6</workspaces/lab1/output.txt>, " - composite.\n", 14 <unfinished ...>
732   16:41:30.434815 read(3<pipe:[490256]>,  <unfinished ...>
731   16:41:30.434827 <... write resumed>) = 14
731   16:41:30.434878 read(5<pipe:[490257]>,  <unfinished ...>
732   16:41:30.434905 <... read resumed>"a", 1) = 1
732   16:41:30.434955 read(3<pipe:[490256]>, "a", 1) = 1
732   16:41:30.435091 read(3<pipe:[490256]>, "a", 1) = 1
732   16:41:30.435213 read(3<pipe:[490256]>, "\r", 1) = 1
732   16:41:30.435400 write(6<pipe:[490257]>, "Skipping invalid line: '", 24 <unfinished ...>
731   16:41:30.435466 <... read resumed>"Skipping invalid line: '", 1024) = 24
732   16:41:30.435489 <... write resumed>) = 24
731   16:41:30.435532 write(6</workspaces/lab1/output.txt>, "Skipping invalid line: '", 24) = 24
732   16:41:30.435596 write(6<pipe:[490257]>, "aaa", 3 <unfinished ...>
731   16:41:30.435880 read(5<pipe:[490257]>,  <unfinished ...>
732   16:41:30.435925 <... write resumed>) = 3
731   16:41:30.435988 <... read resumed>"aaa", 1024) = 3
732   16:41:30.436034 write(6<pipe:[490257]>, "'\n", 2 <unfinished ...>
731   16:41:30.436059 write(6</workspaces/lab1/output.txt>, "aaa", 3) = 3
732   16:41:30.436117 <... write resumed>) = 2
731   16:41:30.436138 read(5<pipe:[490257]>, "'\n", 1024) = 2
732   16:41:30.436204 read(3<pipe:[490256]>,  <unfinished ...>
731   16:41:30.436227 write(6</workspaces/lab1/output.txt>, "'\n", 2 <unfinished ...>
732   16:41:30.436251 <... read resumed>"\n", 1) = 1
731   16:41:30.436298 <... write resumed>) = 2
732   16:41:30.436323 read(3<pipe:[490256]>,  <unfinished ...>
731   16:41:30.436362 read(5<pipe:[490257]>,  <unfinished ...>
732   16:41:30.436377 <... read resumed>"1", 1) = 1
732   16:41:30.436436 read(3<pipe:[490256]>, "0", 1) = 1
732   16:41:30.436701 read(3<pipe:[490256]>, "\r", 1) = 1
732   16:41:30.436862 write(6<pipe:[490257]>, "Number ", 7 <unfinished ...>
731   16:41:30.436973 <... read resumed>"Number ", 1024) = 7
732   16:41:30.437022 <... write resumed>) = 7
731   16:41:30.437048 write(6</workspaces/lab1/output.txt>, "Number ", 7 <unfinished ...>
732   16:41:30.437081 write(6<pipe:[490257]>, "10", 2 <unfinished ...>
731   16:41:30.437142 <... write resumed>) = 7
732   16:41:30.437188 <... write resumed>) = 2
731   16:41:30.437202 read(5<pipe:[490257]>,  <unfinished ...>
732   16:41:30.437234 write(6<pipe:[490257]>, " - composite.\n", 14 <unfinished ...>
731   16:41:30.437255 <... read resumed>"10", 1024) = 2
732   16:41:30.437280 <... write resumed>) = 14
731   16:41:30.437308 write(6</workspaces/lab1/output.txt>, "10", 2 <unfinished ...>
732   16:41:30.437343 read(3<pipe:[490256]>,  <unfinished ...>
731   16:41:30.437370 <... write resumed>) = 2
731   16:41:30.437421 read(5<pipe:[490257]>,  <unfinished ...>
732   16:41:30.437483 <... read resumed>"\n", 1) = 1
731   16:41:30.437508 <... read resumed>" - composite.\n", 1024) = 14
732   16:41:30.437530 read(3<pipe:[490256]>,  <unfinished ...>
731   16:41:30.437553 write(6</workspaces/lab1/output.txt>, " - composite.\n", 14 <unfinished ...>
732   16:41:30.437576 <... read resumed>"1", 1) = 1
731   16:41:30.437588 <... write resumed>) = 14
732   16:41:30.437606 read(3<pipe:[490256]>,  <unfinished ...>
731   16:41:30.437627 read(5<pipe:[490257]>,  <unfinished ...>
732   16:41:30.437649 <... read resumed>"2", 1) = 1
732   16:41:30.437694 read(3<pipe:[490256]>, "\r", 1) = 1
732   16:41:30.437795 write(6<pipe:[490257]>, "Number ", 7 <unfinished ...>
731   16:41:30.437862 <... read resumed>"Number ", 1024) = 7
732   16:41:30.437894 <... write resumed>) = 7
731   16:41:30.437914 write(6</workspaces/lab1/output.txt>, "Number ", 7 <unfinished ...>
732   16:41:30.437948 write(6<pipe:[490257]>, "12", 2 <unfinished ...>
731   16:41:30.437971 <... write resumed>) = 7
732   16:41:30.437990 <... write resumed>) = 2
731   16:41:30.438009 read(5<pipe:[490257]>,  <unfinished ...>
732   16:41:30.438031 write(6<pipe:[490257]>, " - composite.\n", 14 <unfinished ...>
731   16:41:30.438054 <... read resumed>"12", 1024) = 2
732   16:41:30.438074 <... write resumed>) = 14
731   16:41:30.438093 write(6</workspaces/lab1/output.txt>, "12", 2) = 2
732   16:41:30.438167 read(3<pipe:[490256]>,  <unfinished ...>
731   16:41:30.438205 read(5<pipe:[490257]>,  <unfinished ...>
732   16:41:30.438233 <... read resumed>"\n", 1) = 1
731   16:41:30.438276 <... read resumed>" - composite.\n", 1024) = 14
732   16:41:30.438301 read(3<pipe:[490256]>,  <unfinished ...>
731   16:41:30.438322 write(6</workspaces/lab1/output.txt>, " - composite.\n", 14 <unfinished ...>
732   16:41:30.438356 <... read resumed>"1", 1) = 1
731   16:41:30.438376 <... write resumed>) = 14
732   16:41:30.438394 read(3<pipe:[490256]>,  <unfinished ...>
731   16:41:30.438415 read(5<pipe:[490257]>,  <unfinished ...>
732   16:41:30.438446 <... read resumed>"5", 1) = 1
732   16:41:30.438495 read(3<pipe:[490256]>, "\r", 1) = 1
732   16:41:30.438619 write(6<pipe:[490257]>, "Number ", 7 <unfinished ...>
731   16:41:30.438708 <... read resumed>"Number ", 1024) = 7
732   16:41:30.438758 <... write resumed>) = 7
731   16:41:30.438780 write(6</workspaces/lab1/output.txt>, "Number ", 7 <unfinished ...>
732   16:41:30.438832 write(6<pipe:[490257]>, "15", 2 <unfinished ...>
731   16:41:30.438858 <... write resumed>) = 7
732   16:41:30.438866 <... write resumed>) = 2
731   16:41:30.438908 read(5<pipe:[490257]>,  <unfinished ...>
732   16:41:30.438942 write(6<pipe:[490257]>, " - composite.\n", 14 <unfinished ...>
731   16:41:30.438965 <... read resumed>"15", 1024) = 2
732   16:41:30.438987 <... write resumed>) = 14
731   16:41:30.438997 write(6</workspaces/lab1/output.txt>, "15", 2 <unfinished ...>
732   16:41:30.439019 read(3<pipe:[490256]>,  <unfinished ...>
731   16:41:30.439041 <... write resumed>) = 2
732   16:41:30.439049 <... read resumed>"\n", 1) = 1
731   16:41:30.439093 read(5<pipe:[490257]>,  <unfinished ...>
732   16:41:30.439125 read(3<pipe:[490256]>,  <unfinished ...>
731   16:41:30.439147 <... read resumed>" - composite.\n", 1024) = 14
732   16:41:30.439167 <... read resumed>"1", 1) = 1
731   16:41:30.439188 write(6</workspaces/lab1/output.txt>, " - composite.\n", 14 <unfinished ...>
732   16:41:30.439211 read(3<pipe:[490256]>,  <unfinished ...>
731   16:41:30.439232 <... write resumed>) = 14
732   16:41:30.439252 <... read resumed>"7", 1) = 1
731   16:41:30.439272 read(5<pipe:[490257]>,  <unfinished ...>
732   16:41:30.439294 read(3<pipe:[490256]>, "\r", 1) = 1
732   16:41:30.439399 write(6<pipe:[490257]>, "Number ", 7 <unfinished ...>
731   16:41:30.439477 <... read resumed>"Number ", 1024) = 7
732   16:41:30.439515 <... write resumed>) = 7
731   16:41:30.439542 write(6</workspaces/lab1/output.txt>, "Number ", 7 <unfinished ...>
732   16:41:30.439567 write(6<pipe:[490257]>, "17", 2 <unfinished ...>
731   16:41:30.439590 <... write resumed>) = 7
732   16:41:30.439609 <... write resumed>) = 2
731   16:41:30.439617 read(5<pipe:[490257]>, "17", 1024) = 2
732   16:41:30.439709 write(6<pipe:[490257]>, " - prime or negative. Terminating.\n", 35 <unfinished ...>
731   16:41:30.439733 write(6</workspaces/lab1/output.txt>, "17", 2 <unfinished ...>
732   16:41:30.439757 <... write resumed>) = 35
731   16:41:30.439787 <... write resumed>) = 2
732   16:41:30.439805 exit_group(0 <unfinished ...>
731   16:41:30.439827 read(5<pipe:[490257]>,  <unfinished ...>
732   16:41:30.439849 <... exit_group resumed>) = ?
731   16:41:30.439868 <... read resumed>" - prime or negative. Terminating.\n", 1024) = 35
731   16:41:30.439911 write(6</workspaces/lab1/output.txt>, " - prime or negative. Terminating.\n", 35) = 35
732   16:41:30.441645 +++ exited with 0 +++
731   16:41:30.441742 --- SIGCHLD {si_signo=SIGCHLD, si_code=CLD_EXITED, si_pid=732, si_uid=0, si_status=0, si_utime=0, si_stime=0} ---
731   16:41:30.441853 read(5<pipe:[490257]>, "", 1024) = 0
731   16:41:30.442042 close(5<pipe:[490257]>) = 0
731   16:41:30.442418 close(6</workspaces/lab1/output.txt>) = 0
731   16:41:30.442846 wait4(732, NULL, 0, NULL) = 732
731   16:41:30.443520 exit_group(0)     = ?
731   16:41:30.444278 +++ exited with 0 +++
